#
# A fatal error has been detected by the Java Runtime Environment:
#
#  EXCEPTION_ACCESS_VIOLATION (0xc0000005) at pc=0x00007ff8397c0b9b, pid=17964, tid=0x0000000000002d8c
#
# JRE version: Java(TM) SE Runtime Environment (8.0_171-b11) (build 1.8.0_171-b11)
# Java VM: Java HotSpot(TM) 64-Bit Server VM (25.171-b11 mixed mode windows-amd64 )
# Problematic frame:
# C  0x00007ff8397c0b9b
#
# Failed to write core dump. Minidumps are not enabled by default on client versions of Windows
#
# If you would like to submit a bug report, please visit:
#   http://bugreport.java.com/bugreport/crash.jsp
# The crash happened outside the Java Virtual Machine in native code.
# See problematic frame for where to report the bug.
#

---------------  T H R E A D  ---------------

Current thread (0x0000000060303000):  JavaThread "Thread-25-SharedResourceRunner" daemon [_thread_in_native, id=11660, stack(0x0000000069da0000,0x0000000069fa0000)]

siginfo: ExceptionCode=0xc0000005, reading address 0x0000000000000040

Registers:
RAX=0x000000006dc653d8, RBX=0x0000000000000000, RCX=0x0000000000000000, RDX=0x0000000000000000
RSP=0x0000000069f9dd00, RBP=0x000000006dc64f30, RSI=0x0000000063d79a70, RDI=0x0000000000000000
R8 =0x0000000000000000, R9 =0x0000000000000000, R10=0x00007ff83a85a3e0, R11=0x0000000000000000
R12=0x0000000000000003, R13=0x000000006d63f2f0, R14=0x0000000000000000, R15=0x0000000000000000
RIP=0x00007ff8397c0b9b, EFLAGS=0x0000000000010246

Top of Stack: (sp=0x0000000069f9dd00)
0x0000000069f9dd00:   0000000000fa02f0 0000000000000144
0x0000000069f9dd10:   0000000000000140 0000000000fa0cc0
0x0000000069f9dd20:   000000006d63f2f0 00007ff839841c07
0x0000000069f9dd30:   000000006d63f2f0 0000000000000140
0x0000000069f9dd40:   0000000000000130 0000000000002410
0x0000000069f9dd50:   00000000013e0000 0000000069f9de19
0x0000000069f9dd60:   0000000000000014 000000000000009e
0x0000000069f9dd70:   0000000000fa0000 00007ff886000385
0x0000000069f9dd80:   0000000000000130 0000000002000002
0x0000000069f9dd90:   0000000000000000 0000000000000000
0x0000000069f9dda0:   0000000200000000 0000000000000000
0x0000000069f9ddb0:   0000000000000000 0000000063d79a70
0x0000000069f9ddc0:   0000000000040000 00007ff8397eff3e
0x0000000069f9ddd0:   000000006d63f2f0 0000000069f9e000
0x0000000069f9dde0:   0000000000000000 0000000069f9dea0
0x0000000069f9ddf0:   0000000000001001 00007ff8397f017b 

Instructions: (pc=0x00007ff8397c0b9b)
0x00007ff8397c0b7b:   52 01 00 00 00 48 83 c4 40 41 5d 5f 5b c3 cc cc
0x00007ff8397c0b8b:   cc cc cc cc cc 40 53 48 83 ec 20 48 8b d9 33 d2
0x00007ff8397c0b9b:   48 8b 49 40 48 8b 01 ff 50 18 48 8b 43 40 33 c9
0x00007ff8397c0bab:   c7 80 54 01 00 00 01 00 00 00 48 8b 83 48 04 00 


Register to memory mapping:

RAX=0x000000006dc653d8 is an unknown value
RBX=0x0000000000000000 is an unknown value
RCX=0x0000000000000000 is an unknown value
RDX=0x0000000000000000 is an unknown value
RSP=0x0000000069f9dd00 is pointing into the stack for thread: 0x0000000060303000
RBP=0x000000006dc64f30 is an unknown value
RSI=0x0000000063d79a70 is an unknown value
RDI=0x0000000000000000 is an unknown value
R8 =0x0000000000000000 is an unknown value
R9 =0x0000000000000000 is an unknown value
R10=0x00007ff83a85a3e0 is an unknown value
R11=0x0000000000000000 is an unknown value
R12=0x0000000000000003 is an unknown value
R13=0x000000006d63f2f0 is an unknown value
R14=0x0000000000000000 is an unknown value
R15=0x0000000000000000 is an unknown value


Stack: [0x0000000069da0000,0x0000000069fa0000],  sp=0x0000000069f9dd00,  free space=2039k
Native frames: (J=compiled Java code, j=interpreted, Vv=VM code, C=native code)
C  0x00007ff8397c0b9b

Java frames: (J=compiled Java code, j=interpreted, Vv=VM code)
j  jogamp.opengl.windows.wgl.WGL.dispatch_wglCreateContext0(JJ)J+0
j  jogamp.opengl.windows.wgl.WGL.wglCreateContext(J)J+37
j  jogamp.opengl.windows.wgl.WindowsWGLContext.createImpl(J)Z+544
j  jogamp.opengl.GLContextImpl.makeCurrentWithinLock(I)I+224
j  jogamp.opengl.GLContextImpl.makeCurrent(Z)I+488
j  jogamp.opengl.GLContextImpl.makeCurrent()I+2
j  jogamp.opengl.windows.wgl.WindowsWGLDrawableFactory$SharedResourceImplementation.createSharedResource(Lcom/jogamp/nativewindow/AbstractGraphicsDevice;)Ljogamp/opengl/SharedResourceRunner$Resource;+172
j  jogamp.opengl.SharedResourceRunner.run()V+267
j  java.lang.Thread.run()V+11
v  ~StubRoutines::call_stub

---------------  P R O C E S S  ---------------

Java Threads: ( => current thread )
=>0x0000000060303000 JavaThread "Thread-25-SharedResourceRunner" daemon [_thread_in_native, id=11660, stack(0x0000000069da0000,0x0000000069fa0000)]
  0x0000000060303800 JavaThread "AWT-EventQueue-0" [_thread_blocked, id=10292, stack(0x00000000697a0000,0x00000000699a0000)]
  0x0000000060302000 JavaThread "AWT-Windows" daemon [_thread_in_native, id=3420, stack(0x0000000064a70000,0x0000000064c70000)]
  0x00000000602fa800 JavaThread "AWT-Shutdown" [_thread_blocked, id=16156, stack(0x0000000064870000,0x0000000064a70000)]
  0x0000000060301800 JavaThread "Java2D Disposer" daemon [_thread_blocked, id=7460, stack(0x0000000064070000,0x0000000064270000)]
  0x00000000602fa000 JavaThread "Timer-4" daemon [_thread_blocked, id=9584, stack(0x0000000064670000,0x0000000064870000)]
  0x00000000602ff000 JavaThread "Thread-25" [_thread_blocked, id=4152, stack(0x0000000064470000,0x0000000064670000)]
  0x0000000060300800 JavaThread "Front end controller" [_thread_blocked, id=8748, stack(0x0000000064270000,0x0000000064470000)]
  0x0000000060300000 JavaThread "Front end scheduler" [_thread_blocked, id=11776, stack(0x0000000063e70000,0x0000000064070000)]
  0x00000000602fe800 JavaThread "Worker-8" daemon [_thread_blocked, id=23012, stack(0x00000000631f0000,0x00000000633f0000)]
  0x0000000048399000 JavaThread "Worker-7" daemon [_thread_blocked, id=1168, stack(0x000000005ec20000,0x000000005ee20000)]
  0x000000004d39a000 JavaThread "Worker-6" daemon [_thread_blocked, id=3760, stack(0x000000005c2e0000,0x000000005c4e0000)]
  0x000000004d391800 JavaThread "Timer-2" [_thread_blocked, id=21048, stack(0x000000005d6d0000,0x000000005d8d0000)]
  0x000000004d38c000 JavaThread "com.google.inject.internal.util.$Finalizer" daemon [_thread_blocked, id=9772, stack(0x000000004f560000,0x000000004f760000)]
  0x000000004d38f000 JavaThread "Worker-4" daemon [_thread_blocked, id=4444, stack(0x000000005c4e0000,0x000000005c6e0000)]
  0x000000004d38a800 JavaThread "EventAdmin Async Event Dispatcher Thread" daemon [_thread_blocked, id=3152, stack(0x000000005c0e0000,0x000000005c2e0000)]
  0x0000000048398800 JavaThread "EMF Reference Cleaner" daemon [_thread_blocked, id=14976, stack(0x000000004f960000,0x000000004fb60000)]
  0x0000000048397000 JavaThread "Worker-0" daemon [_thread_blocked, id=14988, stack(0x000000004f360000,0x000000004f560000)]
  0x00000000482eb000 JavaThread "Bundle File Closer" daemon [_thread_blocked, id=13736, stack(0x000000004a940000,0x000000004ab40000)]
  0x0000000047edb800 JavaThread "Gogo shell" [_thread_blocked, id=17512, stack(0x0000000049d40000,0x0000000049f40000)]
  0x0000000047d97000 JavaThread "SCR Component Actor" daemon [_thread_blocked, id=17144, stack(0x0000000049540000,0x0000000049740000)]
  0x00000000475ae000 JavaThread "Worker-JM" daemon [_thread_blocked, id=13864, stack(0x0000000049340000,0x0000000049540000)]
  0x0000000047371000 JavaThread "Start Level: Equinox Container: 075907f9-633c-4f64-915b-75330dfa519d" daemon [_thread_blocked, id=15800, stack(0x0000000048f40000,0x0000000049140000)]
  0x000000004739f000 JavaThread "Framework Event Dispatcher: Equinox Container: 075907f9-633c-4f64-915b-75330dfa519d" daemon [_thread_blocked, id=18236, stack(0x0000000048d40000,0x0000000048f40000)]
  0x0000000047351000 JavaThread "Active Thread: Equinox Container: 075907f9-633c-4f64-915b-75330dfa519d" [_thread_blocked, id=14584, stack(0x0000000047970000,0x0000000047b70000)]
  0x00000000453bb000 JavaThread "Service Thread" daemon [_thread_blocked, id=6888, stack(0x0000000046230000,0x0000000046430000)]
  0x0000000045369800 JavaThread "C1 CompilerThread3" daemon [_thread_blocked, id=9396, stack(0x0000000046130000,0x0000000046230000)]
  0x0000000045363000 JavaThread "C2 CompilerThread2" daemon [_thread_blocked, id=11384, stack(0x0000000046030000,0x0000000046130000)]
  0x0000000045362000 JavaThread "C2 CompilerThread1" daemon [_thread_blocked, id=21364, stack(0x0000000045f30000,0x0000000046030000)]
  0x000000004535c800 JavaThread "C2 CompilerThread0" daemon [_thread_blocked, id=20160, stack(0x0000000045e30000,0x0000000045f30000)]
  0x0000000045356800 JavaThread "Attach Listener" daemon [_thread_blocked, id=9488, stack(0x0000000045c30000,0x0000000045e30000)]
  0x0000000045355000 JavaThread "Signal Dispatcher" daemon [_thread_blocked, id=10828, stack(0x0000000045a30000,0x0000000045c30000)]
  0x0000000045350800 JavaThread "Finalizer" daemon [_thread_blocked, id=1840, stack(0x0000000045730000,0x0000000045930000)]
  0x0000000003586000 JavaThread "Reference Handler" daemon [_thread_blocked, id=11500, stack(0x0000000045130000,0x0000000045330000)]
  0x00000000035fe000 JavaThread "main" [_thread_in_native, id=16296, stack(0x0000000000e70000,0x0000000000f70000)]

Other Threads:
  0x0000000043349800 VMThread [stack: 0x0000000045030000,0x0000000045130000] [id=8856]
  0x00000000453f7800 WatcherThread [stack: 0x0000000046430000,0x0000000046530000] [id=11600]

VM state:not at safepoint (normal execution)

VM Mutex/Monitor currently owned by a thread: None

Heap:
 PSYoungGen      total 104960K, used 50884K [0x0000001fb8000000, 0x0000001fc0000000, 0x0000001fc0000000)
  eden space 84992K, 36% used [0x0000001fb8000000,0x0000001fb9e75dc8,0x0000001fbd300000)
  from space 19968K, 98% used [0x0000001fbd300000,0x0000001fbe63b498,0x0000001fbe680000)
  to   space 25600K, 0% used [0x0000001fbe700000,0x0000001fbe700000,0x0000001fc0000000)
 ParOldGen       total 398336K, used 99513K [0x0000000080000000, 0x0000000098500000, 0x0000001fb8000000)
  object space 398336K, 24% used [0x0000000080000000,0x000000008612e6d8,0x0000000098500000)
 Metaspace       used 96568K, capacity 109627K, committed 109824K, reserved 110592K

Card table byte_map: [0x00000000129c0000,0x00000000223d0000] byte_map_base: 0x00000000125c0000

Marking Bits: (ParMarkBitMap*) 0x00000000580f08c0
 Begin Bits: [0x0000001fc0000000, 0x000000203d000000)
 End Bits:   [0x000000203d000000, 0x00000020ba000000)

Polling page: 0x0000000002f20000

CodeCache: size=245760Kb used=41408Kb max_used=41638Kb free=204351Kb
 bounds [0x0000000003600000, 0x0000000005f70000, 0x0000000012600000]
 total_blobs=12951 nmethods=11703 adapters=1159
 compilation: enabled

Compilation events (10 events):
Event: 3066.656 Thread 0x0000000045369800 15684       3       sun.reflect.Label::add (23 bytes)
Event: 3066.656 Thread 0x0000000045369800 nmethod 15684 0x0000000004e516d0 code [0x0000000004e51840, 0x0000000004e51b88]
Event: 3066.656 Thread 0x0000000045369800 15685       3       sun.reflect.Label$PatchInfo::<init> (26 bytes)
Event: 3066.656 Thread 0x0000000045369800 nmethod 15685 0x0000000004e6ab90 code [0x0000000004e6ace0, 0x0000000004e6aeb0]
Event: 3066.660 Thread 0x0000000045369800 15686       3       jogamp.common.os.WindowsDynamicLinkerImpl::openLibraryGlobalImpl (5 bytes)
Event: 3066.660 Thread 0x0000000045369800 nmethod 15686 0x0000000004e6a410 code [0x0000000004e6a580, 0x0000000004e6a708]
Event: 3066.683 Thread 0x0000000045369800 15688       1       org.eclipse.osgi.internal.hookregistry.ClassLoaderHook::findLocalLibrary (2 bytes)
Event: 3066.683 Thread 0x0000000045369800 nmethod 15688 0x000000000540ad10 code [0x000000000540ae60, 0x000000000540af70]
Event: 3066.685 Thread 0x0000000045369800 15689       1       org.eclipse.osgi.internal.hookregistry.ClassLoaderHook::preFindLibrary (2 bytes)
Event: 3066.685 Thread 0x0000000045369800 nmethod 15689 0x0000000004cdb3d0 code [0x0000000004cdb520, 0x0000000004cdb630]

GC Heap History (10 events):
Event: 3001.976 GC heap before
{Heap before GC invocations=43 (full 4):
 PSYoungGen      total 109568K, used 102306K [0x0000001fb8000000, 0x0000001fc0000000, 0x0000001fc0000000)
  eden space 90112K, 100% used [0x0000001fb8000000,0x0000001fbd800000,0x0000001fbd800000)
  from space 19456K, 62% used [0x0000001fbed00000,0x0000001fbf8e8aa8,0x0000001fc0000000)
  to   space 20480K, 0% used [0x0000001fbd800000,0x0000001fbd800000,0x0000001fbec00000)
 ParOldGen       total 398336K, used 97395K [0x0000000080000000, 0x0000000098500000, 0x0000001fb8000000)
  object space 398336K, 24% used [0x0000000080000000,0x0000000085f1cd38,0x0000000098500000)
 Metaspace       used 89094K, capacity 101953K, committed 102144K, reserved 102400K
Event: 3002.025 GC heap after
Heap after GC invocations=43 (full 4):
 PSYoungGen      total 110592K, used 6688K [0x0000001fb8000000, 0x0000001fc0000000, 0x0000001fc0000000)
  eden space 90112K, 0% used [0x0000001fb8000000,0x0000001fb8000000,0x0000001fbd800000)
  from space 20480K, 32% used [0x0000001fbd800000,0x0000001fbde883a0,0x0000001fbec00000)
  to   space 19456K, 0% used [0x0000001fbed00000,0x0000001fbed00000,0x0000001fc0000000)
 ParOldGen       total 398336K, used 99295K [0x0000000080000000, 0x0000000098500000, 0x0000001fb8000000)
  object space 398336K, 24% used [0x0000000080000000,0x00000000860f7e10,0x0000000098500000)
 Metaspace       used 89094K, capacity 101953K, committed 102144K, reserved 102400K
}
Event: 3040.620 GC heap before
{Heap before GC invocations=44 (full 4):
 PSYoungGen      total 110592K, used 96800K [0x0000001fb8000000, 0x0000001fc0000000, 0x0000001fc0000000)
  eden space 90112K, 100% used [0x0000001fb8000000,0x0000001fbd800000,0x0000001fbd800000)
  from space 20480K, 32% used [0x0000001fbd800000,0x0000001fbde883a0,0x0000001fbec00000)
  to   space 19456K, 0% used [0x0000001fbed00000,0x0000001fbed00000,0x0000001fc0000000)
 ParOldGen       total 398336K, used 99295K [0x0000000080000000, 0x0000000098500000, 0x0000001fb8000000)
  object space 398336K, 24% used [0x0000000080000000,0x00000000860f7e10,0x0000000098500000)
 Metaspace       used 89140K, capacity 101953K, committed 102144K, reserved 102400K
Event: 3040.676 GC heap after
Heap after GC invocations=44 (full 4):
 PSYoungGen      total 112128K, used 8492K [0x0000001fb8000000, 0x0000001fc0000000, 0x0000001fc0000000)
  eden space 92672K, 0% used [0x0000001fb8000000,0x0000001fb8000000,0x0000001fbda80000)
  from space 19456K, 43% used [0x0000001fbed00000,0x0000001fbf54b3d8,0x0000001fc0000000)
  to   space 18944K, 0% used [0x0000001fbda80000,0x0000001fbda80000,0x0000001fbed00000)
 ParOldGen       total 398336K, used 99295K [0x0000000080000000, 0x0000000098500000, 0x0000001fb8000000)
  object space 398336K, 24% used [0x0000000080000000,0x00000000860f7e10,0x0000000098500000)
 Metaspace       used 89140K, capacity 101953K, committed 102144K, reserved 102400K
}
Event: 3064.820 GC heap before
{Heap before GC invocations=45 (full 4):
 PSYoungGen      total 112128K, used 101164K [0x0000001fb8000000, 0x0000001fc0000000, 0x0000001fc0000000)
  eden space 92672K, 100% used [0x0000001fb8000000,0x0000001fbda80000,0x0000001fbda80000)
  from space 19456K, 43% used [0x0000001fbed00000,0x0000001fbf54b3d8,0x0000001fc0000000)
  to   space 18944K, 0% used [0x0000001fbda80000,0x0000001fbda80000,0x0000001fbed00000)
 ParOldGen       total 398336K, used 99295K [0x0000000080000000, 0x0000000098500000, 0x0000001fb8000000)
  object space 398336K, 24% used [0x0000000080000000,0x00000000860f7e10,0x0000000098500000)
 Metaspace       used 89349K, capacity 102288K, committed 102400K, reserved 102400K
Event: 3064.836 GC heap after
Heap after GC invocations=45 (full 4):
 PSYoungGen      total 105472K, used 13536K [0x0000001fb8000000, 0x0000001fc0000000, 0x0000001fc0000000)
  eden space 91648K, 0% used [0x0000001fb8000000,0x0000001fb8000000,0x0000001fbd980000)
  from space 13824K, 97% used [0x0000001fbda80000,0x0000001fbe7b81f0,0x0000001fbe800000)
  to   space 20480K, 0% used [0x0000001fbec00000,0x0000001fbec00000,0x0000001fc0000000)
 ParOldGen       total 398336K, used 99303K [0x0000000080000000, 0x0000000098500000, 0x0000001fb8000000)
  object space 398336K, 24% used [0x0000000080000000,0x00000000860f9e10,0x0000000098500000)
 Metaspace       used 89349K, capacity 102288K, committed 102400K, reserved 102400K
}
Event: 3065.016 GC heap before
{Heap before GC invocations=46 (full 4):
 PSYoungGen      total 105472K, used 105184K [0x0000001fb8000000, 0x0000001fc0000000, 0x0000001fc0000000)
  eden space 91648K, 100% used [0x0000001fb8000000,0x0000001fbd980000,0x0000001fbd980000)
  from space 13824K, 97% used [0x0000001fbda80000,0x0000001fbe7b81f0,0x0000001fbe800000)
  to   space 20480K, 0% used [0x0000001fbec00000,0x0000001fbec00000,0x0000001fc0000000)
 ParOldGen       total 398336K, used 99303K [0x0000000080000000, 0x0000000098500000, 0x0000001fb8000000)
  object space 398336K, 24% used [0x0000000080000000,0x00000000860f9e10,0x0000000098500000)
 Metaspace       used 89695K, capacity 102624K, committed 102656K, reserved 104448K
Event: 3065.032 GC heap after
Heap after GC invocations=46 (full 4):
 PSYoungGen      total 105472K, used 17166K [0x0000001fb8000000, 0x0000001fc0000000, 0x0000001fc0000000)
  eden space 84992K, 0% used [0x0000001fb8000000,0x0000001fb8000000,0x0000001fbd300000)
  from space 20480K, 83% used [0x0000001fbec00000,0x0000001fbfcc3ad0,0x0000001fc0000000)
  to   space 23040K, 0% used [0x0000001fbd300000,0x0000001fbd300000,0x0000001fbe980000)
 ParOldGen       total 398336K, used 99319K [0x0000000080000000, 0x0000000098500000, 0x0000001fb8000000)
  object space 398336K, 24% used [0x0000000080000000,0x00000000860fde10,0x0000000098500000)
 Metaspace       used 89695K, capacity 102624K, committed 102656K, reserved 104448K
}
Event: 3065.825 GC heap before
{Heap before GC invocations=47 (full 4):
 PSYoungGen      total 105472K, used 102158K [0x0000001fb8000000, 0x0000001fc0000000, 0x0000001fc0000000)
  eden space 84992K, 100% used [0x0000001fb8000000,0x0000001fbd300000,0x0000001fbd300000)
  from space 20480K, 83% used [0x0000001fbec00000,0x0000001fbfcc3ad0,0x0000001fc0000000)
  to   space 23040K, 0% used [0x0000001fbd300000,0x0000001fbd300000,0x0000001fbe980000)
 ParOldGen       total 398336K, used 99319K [0x0000000080000000, 0x0000000098500000, 0x0000001fb8000000)
  object space 398336K, 24% used [0x0000000080000000,0x00000000860fde10,0x0000000098500000)
 Metaspace       used 90722K, capacity 103656K, committed 103680K, reserved 104448K
Event: 3065.838 GC heap after
Heap after GC invocations=47 (full 4):
 PSYoungGen      total 104960K, used 19693K [0x0000001fb8000000, 0x0000001fc0000000, 0x0000001fc0000000)
  eden space 84992K, 0% used [0x0000001fb8000000,0x0000001fb8000000,0x0000001fbd300000)
  from space 19968K, 98% used [0x0000001fbd300000,0x0000001fbe63b498,0x0000001fbe680000)
  to   space 25600K, 0% used [0x0000001fbe700000,0x0000001fbe700000,0x0000001fc0000000)
 ParOldGen       total 398336K, used 99513K [0x0000000080000000, 0x0000000098500000, 0x0000001fb8000000)
  object space 398336K, 24% used [0x0000000080000000,0x000000008612e6d8,0x0000000098500000)
 Metaspace       used 90722K, capacity 103656K, committed 103680K, reserved 104448K
}

Deoptimization events (10 events):
Event: 3065.989 Thread 0x00000000602ff000 Uncommon trap: reason=bimorphic action=maybe_recompile pc=0x0000000005bd334c method=java.util.regex.Pattern$Curly.match(Ljava/util/regex/Matcher;ILjava/lang/CharSequence;)Z @ 19
Event: 3065.989 Thread 0x00000000602ff000 Uncommon trap: reason=bimorphic action=maybe_recompile pc=0x0000000005bd334c method=java.util.regex.Pattern$Curly.match(Ljava/util/regex/Matcher;ILjava/lang/CharSequence;)Z @ 19
Event: 3065.989 Thread 0x00000000602ff000 Uncommon trap: reason=bimorphic action=maybe_recompile pc=0x0000000005bd334c method=java.util.regex.Pattern$Curly.match(Ljava/util/regex/Matcher;ILjava/lang/CharSequence;)Z @ 19
Event: 3065.989 Thread 0x00000000602ff000 Uncommon trap: reason=bimorphic action=maybe_recompile pc=0x0000000005bd334c method=java.util.regex.Pattern$Curly.match(Ljava/util/regex/Matcher;ILjava/lang/CharSequence;)Z @ 19
Event: 3066.038 Thread 0x00000000035fe000 Uncommon trap: reason=bimorphic action=maybe_recompile pc=0x00000000048f8234 method=java.lang.AbstractStringBuilder.append(Ljava/lang/CharSequence;II)Ljava/lang/AbstractStringBuilder; @ 18
Event: 3066.038 Thread 0x00000000035fe000 Uncommon trap: reason=bimorphic action=maybe_recompile pc=0x00000000048f8234 method=java.lang.AbstractStringBuilder.append(Ljava/lang/CharSequence;II)Ljava/lang/AbstractStringBuilder; @ 18
Event: 3066.103 Thread 0x00000000602ff000 Uncommon trap: reason=bimorphic action=maybe_recompile pc=0x00000000048f8234 method=java.lang.AbstractStringBuilder.append(Ljava/lang/CharSequence;II)Ljava/lang/AbstractStringBuilder; @ 18
Event: 3066.260 Thread 0x0000000060302000 Uncommon trap: reason=unstable_if action=reinterpret pc=0x00000000042b63dc method=java.lang.Thread.getContextClassLoader()Ljava/lang/ClassLoader; @ 4
Event: 3066.501 Thread 0x0000000060303800 Uncommon trap: reason=predicate action=maybe_recompile pc=0x0000000004ec55e8 method=java.util.ComparableTimSort.reverseRange([Ljava/lang/Object;II)V @ 8
Event: 3066.501 Thread 0x0000000060303800 Uncommon trap: reason=predicate action=maybe_recompile pc=0x000000000574863c method=java.util.ComparableTimSort.binarySort([Ljava/lang/Object;III)V @ 37

Classes redefined (0 events):
No events

Internal exceptions (10 events):
Event: 3065.896 Thread 0x00000000035fe000 Exception <a 'java/io/IOException'> (0x0000001fb8db3948) thrown at [C:\re\workspace\8-2-build-windows-amd64-cygwin\jdk8u171\10807\hotspot\src\share\vm\prims\jni.cpp, line 709]
Event: 3065.896 Thread 0x00000000035fe000 Exception <a 'java/io/IOException'> (0x0000001fb8db3f28) thrown at [C:\re\workspace\8-2-build-windows-amd64-cygwin\jdk8u171\10807\hotspot\src\share\vm\prims\jni.cpp, line 709]
Event: 3065.909 Thread 0x00000000602ff000 Exception <a 'java/lang/NoSuchMethodError': java.lang.Object.lambda$0()Z> (0x0000001fb92072a8) thrown at [C:\re\workspace\8-2-build-windows-amd64-cygwin\jdk8u171\10807\hotspot\src\share\vm\interpreter\linkResolver.cpp, line 620]
Event: 3065.909 Thread 0x00000000602ff000 Exception <a 'java/lang/NoSuchMethodError': java.lang.Object.lambda$1()Ljava/lang/Object;> (0x0000001fb9209fb8) thrown at [C:\re\workspace\8-2-build-windows-amd64-cygwin\jdk8u171\10807\hotspot\src\share\vm\interpreter\linkResolver.cpp, line 620]
Event: 3065.909 Thread 0x00000000602ff000 Exception <a 'java/lang/NoSuchMethodError': java.lang.Object.lambda$2()Ljava/lang/Object;> (0x0000001fb9211188) thrown at [C:\re\workspace\8-2-build-windows-amd64-cygwin\jdk8u171\10807\hotspot\src\share\vm\interpreter\linkResolver.cpp, line 620]
Event: 3065.910 Thread 0x00000000602ff000 Exception <a 'java/lang/NoSuchMethodError': java.lang.Object.lambda$3()Z> (0x0000001fb9213e98) thrown at [C:\re\workspace\8-2-build-windows-amd64-cygwin\jdk8u171\10807\hotspot\src\share\vm\interpreter\linkResolver.cpp, line 620]
Event: 3065.910 Thread 0x00000000602ff000 Exception <a 'java/lang/NoSuchMethodError': java.lang.Object.lambda$4(Ljava/lang/Object;)Ljava/lang/Object;> (0x0000001fb92168f0) thrown at [C:\re\workspace\8-2-build-windows-amd64-cygwin\jdk8u171\10807\hotspot\src\share\vm\interpreter\linkResolver.cpp, l
Event: 3065.977 Thread 0x00000000602ff000 Implicit null exception at 0x000000000526aa8f to 0x000000000526aec1
Event: 3065.979 Thread 0x00000000602ff000 Implicit null exception at 0x0000000003fc720f to 0x0000000003fc776d
Event: 3066.300 Thread 0x00000000602ff000 Exception <a 'java/io/FileNotFoundException'> (0x0000001fb98b1f60) thrown at [C:\re\workspace\8-2-build-windows-amd64-cygwin\jdk8u171\10807\hotspot\src\share\vm\prims\jni.cpp, line 709]

Events (10 events):
Event: 3066.623 loading class sun/reflect/UnsafeLongFieldAccessorImpl done
Event: 3066.629 Thread 0x0000000060303000 Thread added: 0x0000000060303000
Event: 3066.690 Executing VM operation: RevokeBias
Event: 3066.690 Executing VM operation: RevokeBias done
Event: 3066.690 Executing VM operation: RevokeBias
Event: 3066.690 Executing VM operation: RevokeBias done
Event: 3066.693 Executing VM operation: RevokeBias
Event: 3066.693 Executing VM operation: RevokeBias done
Event: 3067.091 Executing VM operation: RevokeBias
Event: 3067.091 Executing VM operation: RevokeBias done


Dynamic libraries:
0x00007ff6b2a50000 - 0x00007ff6b2aba000 	C:\Users\newma\GAMA-continuous\Gama.exe
0x00007ff8a9710000 - 0x00007ff8a9905000 	C:\WINDOWS\SYSTEM32\ntdll.dll
0x00007ff8a8940000 - 0x00007ff8a89fe000 	C:\WINDOWS\System32\KERNEL32.DLL
0x00007ff8a7150000 - 0x00007ff8a7418000 	C:\WINDOWS\System32\KERNELBASE.dll
0x00007ff8a86d0000 - 0x00007ff8a8871000 	C:\WINDOWS\System32\USER32.dll
0x00007ff8a6e20000 - 0x00007ff8a6e42000 	C:\WINDOWS\System32\win32u.dll
0x00007ff8a95d0000 - 0x00007ff8a95fb000 	C:\WINDOWS\System32\GDI32.dll
0x00007ff8a7420000 - 0x00007ff8a752d000 	C:\WINDOWS\System32\gdi32full.dll
0x00007ff8a6f50000 - 0x00007ff8a6fed000 	C:\WINDOWS\System32\msvcp_win.dll
0x00007ff8a6e50000 - 0x00007ff8a6f50000 	C:\WINDOWS\System32\ucrtbase.dll
0x00007ff89c0e0000 - 0x00007ff89c37a000 	C:\WINDOWS\WinSxS\amd64_microsoft.windows.common-controls_6595b64144ccf1df_6.0.19041.1110_none_60b5254171f9507e\COMCTL32.dll
0x00007ff8a7800000 - 0x00007ff8a789e000 	C:\WINDOWS\System32\msvcrt.dll
0x00007ff8a94d0000 - 0x00007ff8a9500000 	C:\WINDOWS\System32\IMM32.DLL
0x00007ff894b90000 - 0x00007ff894bb9000 	C:\Users\newma\GAMA-continuous\plugins\org.eclipse.equinox.launcher.win32.win32.x86_64_1.1.1000.v20190125-2016\eclipse_1801.dll
0x00007ff8a78a0000 - 0x00007ff8a794e000 	C:\WINDOWS\System32\ADVAPI32.dll
0x00007ff8a9430000 - 0x00007ff8a94cc000 	C:\WINDOWS\System32\sechost.dll
0x00007ff8a7a40000 - 0x00007ff8a7b65000 	C:\WINDOWS\System32\RPCRT4.dll
0x00007ff8a5c00000 - 0x00007ff8a5c0a000 	C:\WINDOWS\SYSTEM32\VERSION.dll
0x00007ff8a4630000 - 0x00007ff8a46ce000 	C:\WINDOWS\system32\uxtheme.dll
0x00007ff8a8fb0000 - 0x00007ff8a9305000 	C:\WINDOWS\System32\combase.dll
0x00007ff8a9310000 - 0x00007ff8a9425000 	C:\WINDOWS\System32\MSCTF.dll
0x00007ff8a9500000 - 0x00007ff8a95cd000 	C:\WINDOWS\System32\OLEAUT32.dll
0x00000000578d0000 - 0x0000000058170000 	C:\Users\newma\GAMA-continuous\jdk\jre\bin\server\jvm.dll
0x00007ff8a7b70000 - 0x00007ff8a7b78000 	C:\WINDOWS\System32\PSAPI.DLL
0x00007ff898c70000 - 0x00007ff898c79000 	C:\WINDOWS\SYSTEM32\WSOCK32.dll
0x00007ff8a85f0000 - 0x00007ff8a865b000 	C:\WINDOWS\System32\WS2_32.dll
0x00007ff89b610000 - 0x00007ff89b637000 	C:\WINDOWS\SYSTEM32\WINMM.dll
0x00000000577f0000 - 0x00000000578c2000 	C:\WINDOWS\SYSTEM32\MSVCR100.dll
0x00000000577e0000 - 0x00000000577ef000 	C:\Users\newma\GAMA-continuous\jdk\jre\bin\verify.dll
0x00000000577b0000 - 0x00000000577d9000 	C:\Users\newma\GAMA-continuous\jdk\jre\bin\java.dll
0x0000000057790000 - 0x00000000577a6000 	C:\Users\newma\GAMA-continuous\jdk\jre\bin\zip.dll
0x00007ff8a7ea0000 - 0x00007ff8a85e4000 	C:\WINDOWS\System32\SHELL32.dll
0x00007ff8a4d30000 - 0x00007ff8a54c5000 	C:\WINDOWS\SYSTEM32\windows.storage.dll
0x00007ff8a6800000 - 0x00007ff8a682e000 	C:\WINDOWS\SYSTEM32\Wldp.dll
0x00007ff8a9600000 - 0x00007ff8a96ad000 	C:\WINDOWS\System32\SHCORE.dll
0x00007ff8a8880000 - 0x00007ff8a88d5000 	C:\WINDOWS\System32\shlwapi.dll
0x00007ff8a6d60000 - 0x00007ff8a6d7f000 	C:\WINDOWS\SYSTEM32\profapi.dll
0x00007ff8a6750000 - 0x00007ff8a6768000 	C:\WINDOWS\SYSTEM32\CRYPTSP.dll
0x00007ff8a5e80000 - 0x00007ff8a5eb4000 	C:\WINDOWS\system32\rsaenh.dll
0x00007ff8a7720000 - 0x00007ff8a7747000 	C:\WINDOWS\System32\bcrypt.dll
0x00007ff8a6d20000 - 0x00007ff8a6d4e000 	C:\WINDOWS\SYSTEM32\USERENV.dll
0x00007ff8a7530000 - 0x00007ff8a75b2000 	C:\WINDOWS\System32\bcryptprimitives.dll
0x00007ff8a6770000 - 0x00007ff8a677c000 	C:\WINDOWS\SYSTEM32\CRYPTBASE.dll
0x0000000057770000 - 0x000000005778a000 	C:\Users\newma\GAMA-continuous\jdk\jre\bin\net.dll
0x00007ff8a6560000 - 0x00007ff8a65ca000 	C:\WINDOWS\system32\mswsock.dll
0x00007ff8a6250000 - 0x00007ff8a628b000 	C:\WINDOWS\SYSTEM32\IPHLPAPI.DLL
0x00007ff8a8660000 - 0x00007ff8a8668000 	C:\WINDOWS\System32\NSI.dll
0x00007ff89f390000 - 0x00007ff89f3a7000 	C:\WINDOWS\SYSTEM32\dhcpcsvc6.DLL
0x00007ff89f370000 - 0x00007ff89f38d000 	C:\WINDOWS\SYSTEM32\dhcpcsvc.DLL
0x00007ff8a6290000 - 0x00007ff8a635b000 	C:\WINDOWS\SYSTEM32\DNSAPI.dll
0x0000000057750000 - 0x0000000057761000 	C:\Users\newma\GAMA-continuous\jdk\jre\bin\nio.dll
0x00007ff8a5bc0000 - 0x00007ff8a5bd2000 	C:\WINDOWS\SYSTEM32\kernel.appcore.dll
0x00007ff89e460000 - 0x00007ff89e559000 	C:\WINDOWS\SYSTEM32\textinputframework.dll
0x00007ff8a4330000 - 0x00007ff8a4422000 	C:\WINDOWS\System32\CoreMessaging.dll
0x00007ff8a3ed0000 - 0x00007ff8a422e000 	C:\WINDOWS\System32\CoreUIComponents.dll
0x00007ff8a5930000 - 0x00007ff8a5963000 	C:\WINDOWS\SYSTEM32\ntmarta.dll
0x00007ff8a3910000 - 0x00007ff8a3a64000 	C:\WINDOWS\SYSTEM32\wintypes.dll
0x00007ff886080000 - 0x00007ff886113000 	C:\Users\newma\GAMA-continuous\configuration\org.eclipse.osgi\148\0\.cp\swt-win32-4924r25.dll
0x00007ff8a8a00000 - 0x00007ff8a8b2a000 	C:\WINDOWS\System32\ole32.dll
0x00007ff8a7b80000 - 0x00007ff8a7c5a000 	C:\WINDOWS\System32\COMDLG32.dll
0x00007ff8a75c0000 - 0x00007ff8a7716000 	C:\WINDOWS\System32\CRYPT32.dll
0x00007ff88f6c0000 - 0x00007ff88fb98000 	C:\WINDOWS\SYSTEM32\WININET.dll
0x00007ff877300000 - 0x00007ff877319000 	C:\WINDOWS\SYSTEM32\USP10.dll
0x00007ff888330000 - 0x00007ff8883c5000 	C:\WINDOWS\SYSTEM32\WINSPOOL.DRV
0x00007ff895be0000 - 0x00007ff895dcb000 	C:\WINDOWS\SYSTEM32\urlmon.dll
0x00007ff8a27e0000 - 0x00007ff8a28d6000 	C:\WINDOWS\SYSTEM32\PROPSYS.dll
0x00007ff88d9c0000 - 0x00007ff88d9c7000 	C:\WINDOWS\SYSTEM32\MSIMG32.dll
0x00007ff896000000 - 0x00007ff8962b0000 	C:\WINDOWS\SYSTEM32\iertutil.dll
0x00007ff8a63b0000 - 0x00007ff8a63bc000 	C:\WINDOWS\SYSTEM32\netutils.dll
0x00007ff895bb0000 - 0x00007ff895bd8000 	C:\WINDOWS\SYSTEM32\srvcli.dll
0x00007ff8a7750000 - 0x00007ff8a77f9000 	C:\WINDOWS\System32\clbcatq.dll
0x00007ff888b40000 - 0x00007ff888cbe000 	C:\Windows\System32\TaskFlowDataEngine.dll
0x00007ff883c70000 - 0x00007ff884111000 	C:\Windows\System32\cdp.dll
0x00007ff8a7050000 - 0x00007ff8a709e000 	C:\WINDOWS\System32\cfgmgr32.dll
0x00007ff8a68a0000 - 0x00007ff8a68b2000 	C:\Windows\System32\UMPDC.dll
0x00007ff8a2950000 - 0x00007ff8a2a8f000 	C:\Windows\System32\dsreg.dll
0x00007ff8a5f30000 - 0x00007ff8a5fba000 	C:\Windows\System32\msvcp110_win.dll
0x00000000575b0000 - 0x0000000057748000 	C:\Users\newma\GAMA-continuous\jdk\jre\bin\awt.dll
0x00007ff8a4470000 - 0x00007ff8a4500000 	C:\WINDOWS\SYSTEM32\apphelp.dll
0x00007ff89ba60000 - 0x00007ff89bb0c000 	C:\WINDOWS\SYSTEM32\TextShaping.dll
0x00007ff886050000 - 0x00007ff886077000 	C:\Users\newma\GAMA-continuous\configuration\org.eclipse.osgi\148\0\.cp\swt-gdip-win32-4924r25.dll
0x00007ff880d50000 - 0x00007ff880ef9000 	C:\WINDOWS\WinSxS\amd64_microsoft.windows.gdiplus_6595b64144ccf1df_1.1.19041.1466_none_91a4907ccc87e3b8\gdiplus.dll
0x00007ff8a0890000 - 0x00007ff8a0a44000 	C:\WINDOWS\SYSTEM32\WindowsCodecs.dll
0x00007ff887f80000 - 0x00007ff887fe6000 	C:\WINDOWS\SYSTEM32\oleacc.dll
0x00007ff87c5e0000 - 0x00007ff87c622000 	C:\WINDOWS\system32\mlang.dll
0x00007ff8949f0000 - 0x00007ff894a2e000 	C:\WINDOWS\system32\dataexchange.dll
0x00007ff8a3160000 - 0x00007ff8a3345000 	C:\WINDOWS\system32\dcomp.dll
0x00007ff8a2ef0000 - 0x00007ff8a3154000 	C:\WINDOWS\system32\d3d11.dll
0x00007ff8a5650000 - 0x00007ff8a5744000 	C:\WINDOWS\system32\dxgi.dll
0x00007ff8a0be0000 - 0x00007ff8a0de1000 	C:\WINDOWS\system32\twinapi.appcore.dll
0x00007ff87b600000 - 0x00007ff87bd5e000 	C:\Windows\System32\ieframe.dll
0x00007ff8a5c20000 - 0x00007ff8a5c39000 	C:\Windows\System32\NETAPI32.dll
0x00007ff8a1820000 - 0x00007ff8a192c000 	C:\Windows\System32\WINHTTP.dll
0x00007ff8a5f10000 - 0x00007ff8a5f29000 	C:\Windows\System32\WKSCLI.DLL
0x00007ff8a7c60000 - 0x00007ff8a7cd9000 	C:\WINDOWS\System32\coml2.dll
0x00007ff8a6c30000 - 0x00007ff8a6cd2000 	C:\WINDOWS\SYSTEM32\sxs.dll
0x00007ff87bd90000 - 0x00007ff87bde4000 	C:\WINDOWS\SYSTEM32\msIso.dll
0x00007ff846c40000 - 0x00007ff8482b7000 	C:\Windows\System32\mshtml.dll
0x00007ff8a6ce0000 - 0x00007ff8a6d11000 	C:\Windows\System32\SspiCli.dll
0x00007ff8a68c0000 - 0x00007ff8a690b000 	C:\WINDOWS\SYSTEM32\powrprof.dll
0x00007ff88e870000 - 0x00007ff88e89c000 	C:\Windows\System32\srpapi.dll
0x00007ff841d50000 - 0x00007ff842206000 	C:\Windows\System32\jscript9.dll
0x00007ff88df90000 - 0x00007ff88e1b0000 	C:\WINDOWS\system32\explorerframe.dll
0x00007ff8963d0000 - 0x00007ff896653000 	C:\WINDOWS\SYSTEM32\DWrite.dll
0x00007ff88f4d0000 - 0x00007ff88f4e2000 	C:\WINDOWS\system32\msimtf.dll
0x00007ff8a5c10000 - 0x00007ff8a5c1c000 	C:\WINDOWS\SYSTEM32\Secur32.dll
0x00007ff8a3350000 - 0x00007ff8a3910000 	C:\Windows\System32\d2d1.dll
0x00007ff89d3d0000 - 0x00007ff89dac6000 	C:\WINDOWS\SYSTEM32\d3d10warp.dll
0x00007ff89d2d0000 - 0x00007ff89d30b000 	C:\WINDOWS\SYSTEM32\dxcore.dll
0x00007ff882540000 - 0x00007ff882589000 	C:\WINDOWS\system32\windowscodecsext.dll
0x00007ff8a0fb0000 - 0x00007ff8a105e000 	C:\WINDOWS\SYSTEM32\mscms.dll
0x00007ff8a0f40000 - 0x00007ff8a0f51000 	C:\WINDOWS\SYSTEM32\ColorAdapterClient.dll
0x00007ff87a180000 - 0x00007ff87a1c3000 	C:\WINDOWS\SYSTEM32\icm32.dll
0x00007ff88b980000 - 0x00007ff88b9a4000 	C:\WINDOWS\SYSTEM32\edputil.dll
0x00007ff89c420000 - 0x00007ff89c437000 	C:\WINDOWS\SYSTEM32\ondemandconnroutehelper.dll
0x00007ff8a1810000 - 0x00007ff8a181b000 	C:\WINDOWS\SYSTEM32\WINNSI.DLL
0x00007ff88bb90000 - 0x00007ff88bba7000 	C:\WINDOWS\system32\napinsp.dll
0x00007ff888150000 - 0x00007ff88816b000 	C:\WINDOWS\system32\pnrpnsp.dll
0x00007ff8a17e0000 - 0x00007ff8a17f5000 	C:\WINDOWS\system32\wshbth.dll
0x00007ff8a2440000 - 0x00007ff8a245d000 	C:\WINDOWS\system32\NLAapi.dll
0x00007ff888130000 - 0x00007ff888142000 	C:\WINDOWS\System32\winrnr.dll
0x00007ff89fcf0000 - 0x00007ff89fcfa000 	C:\Windows\System32\rasadhlp.dll
0x00007ff89c880000 - 0x00007ff89c8ff000 	C:\WINDOWS\System32\fwpuclnt.dll
0x000000006e8c0000 - 0x000000006e8cd000 	C:\Users\newma\AppData\Local\Temp\jogamp_0000\file_cache\jln5669102490135424573\jln1292913413438794762\natives\windows-amd64\gluegen_rt.dll
0x0000000001310000 - 0x0000000001317000 	C:\Users\newma\GAMA-continuous\jdk\jre\bin\jawt.dll
0x000000006a440000 - 0x000000006a44d000 	C:\Users\newma\AppData\Local\Temp\jogamp_0000\file_cache\jln5669102490135424573\jln1292913413438794762\natives\windows-amd64\nativewindow_awt.dll
0x00007ff8a4840000 - 0x00007ff8a486f000 	C:\WINDOWS\system32\DWMAPI.DLL
0x00007ff87f720000 - 0x00007ff87f845000 	C:\WINDOWS\system32\opengl32.dll

VM Arguments:
jvm_args: -server -Dosgi.locking=none -noverify -Xmn128m -Xss2m -XX:+UseParallelGC -XX:+UseAdaptiveSizePolicy -XX:+OptimizeStringConcat -Dorg.eclipse.ecf.provider.filetransfer.retrieve.retryAttempts=10 -Dorg.eclipse.ecf.provider.filetransfer.retrieve.closeTimeout=6000 -Dorg.eclipse.ecf.provider.filetransfer.retrieve.readTimeout=6000 -Declipse.log.level=ERROR -Dosgi.checkConfiguration=false -Dfile.encoding=UTF-8 -Xms256m -Xmx128000m 
java_command: <unknown>
java_class_path (initial): C:\Users\newma\GAMA-continuous\\plugins/org.eclipse.equinox.launcher_1.5.300.v20190213-1655.jar
Launcher Type: generic

Environment Variables:
PATH=C:/Users/newma/GAMA-continuous//./jdk/bin/../jre/bin/server;C:/Users/newma/GAMA-continuous//./jdk/bin/../jre/bin;C:/Users/newma/GAMA-continuous//./jdk/bin/../jre/lib/amd64;C:\WINDOWS\system32;C:\WINDOWS;C:\WINDOWS\System32\Wbem;C:\WINDOWS\System32\WindowsPowerShell\v1.0\;C:\WINDOWS\System32\OpenSSH\;C:\Program Files\PuTTY\;C:\Program Files\Git\cmd;C:\Program Files (x86)\dotnet\;C:\Users\newma\AppData\Local\Microsoft\WindowsApps;C:\Users\newma\AppData\Local\GitHubDesktop\bin;C:\Users\newma\AppData\Roaming\TinyTeX\bin\win32;C:\Users\newma\AppData\Local\Programs\Microsoft VS Code\bin;C:\Program Files\qpdf-10.5.0\bin;;C:\Users\newma\gama_workspace\Foraging_model_with_size\models;
USERNAME=newma
OS=Windows_NT
PROCESSOR_IDENTIFIER=AMD64 Family 23 Model 96 Stepping 1, AuthenticAMD



---------------  S Y S T E M  ---------------

OS: Windows 10.0 , 64 bit Build 19041 (10.0.19041.1466)

CPU:total 8 (initial active 8) (8 cores per cpu, 1 threads per core) family 23 model 96 stepping 1, cmov, cx8, fxsr, mmx, sse, sse2, sse3, ssse3, sse4.1, sse4.2, popcnt, avx, avx2, aes, clmul, mmxext, 3dnowpref, lzcnt, sse4a, tsc, tscinvbit, tscinv, bmi1

Memory: 4k page, physical 16171236k(1902840k free), swap 66502884k(3368k free)

vm_info: Java HotSpot(TM) 64-Bit Server VM (25.171-b11) for windows-amd64 JRE (1.8.0_171-b11), built on Mar 28 2018 16:06:12 by "java_re" with MS VC++ 10.0 (VS2010)

time: Sat Jan 22 22:17:03 2022
elapsed time: 3067 seconds (0d 0h 51m 7s)

